<?xml version="1.0" encoding="UTF-8"?><testsuites time="0.694"><testsuite name="Google search retrieves 10 or more results" tests="5" failures="0" errors="0" time="0.694" timestamp="2015-01-29T07:41:51.550Z" package="tests/casper-sample"><testcase name="google homepage title is the one expected" classname="tests/casper-sample" time="0.362"></testcase><testcase name="main form is found" classname="tests/casper-sample" time="0.001"></testcase><testcase name="google title is ok" classname="tests/casper-sample" time="0.33"></testcase><testcase name="search term has been submitted" classname="tests/casper-sample" time="0.001"></testcase><testcase name="google search for &quot;casperjs&quot; retrieves 10 or more results" classname="tests/casper-sample" time="0"></testcase><system-out></system-out></testsuite></testsuites>