<?xml version="1.0" encoding="UTF-8"?><testsuites time="0.294"><testsuite name="Google search retrieves 10 or more results" tests="3" failures="1" errors="0" time="0.294" timestamp="2015-01-29T07:41:53.570Z" package="tests/casper-sample"><testcase name="google homepage title is the one expected" classname="tests/casper-sample" time="0.229"></testcase><testcase name="main form is found" classname="tests/casper-sample" time="0.002"></testcase><testcase name="google title is ok" classname="tests/casper-sample" time="0.063"><failure type="assertTitle">google title is ok</failure></testcase><system-out></system-out></testsuite></testsuites>